2024-05-02 18:24:23 - root - logging.py:15 - INFO      | --*-- PROGRAM STARTUP --*--
2024-05-02 18:24:59 - root - logging.py:15 - INFO      | --*-- PROGRAM STARTUP --*--
2024-05-02 18:25:29 - root - logging.py:15 - INFO      | --*-- PROGRAM STARTUP --*--
2024-05-05 20:55:49 - root - logging.py:14 - INFO      | --//-- PROGRAM STARTUP --//--
2024-05-05 21:01:26 - root - logging.py:14 - INFO      | --//-- PROGRAM STARTUP --//--
2024-05-05 21:01:48 - root - logging.py:14 - INFO      | --//-- PROGRAM STARTUP --//--
2024-05-05 21:02:10 - root - logging.py:14 - INFO      | --//-- PROGRAM STARTUP --//--
2024-05-05 21:02:48 - root - logging.py:14 - INFO      | --//-- PROGRAM STARTUP --//--
2024-05-05 21:02:59 - root - logging.py:14 - INFO      | --//-- PROGRAM STARTUP --//--
2024-05-05 21:04:54 - root - logging.py:14 - INFO      | --//-- PROGRAM STARTUP --//--
2024-05-05 21:08:20 - root - logging.py:14 - INFO      | --//-- PROGRAM STARTUP --//--
2024-05-05 21:09:03 - root - logging.py:14 - INFO      | --//-- PROGRAM STARTUP --//--
2024-05-05 21:09:12 - root - logging.py:14 - INFO      | --//-- PROGRAM STARTUP --//--
2024-05-05 21:09:33 - root - logging.py:14 - INFO      | --//-- PROGRAM STARTUP --//--
2024-05-05 21:09:46 - root - logging.py:14 - INFO      | --//-- PROGRAM STARTUP --//--
2024-05-05 21:10:07 - root - logging.py:14 - INFO      | --//-- PROGRAM STARTUP --//--
2024-05-05 21:10:30 - root - logging.py:14 - INFO      | --//-- PROGRAM STARTUP --//--
2024-05-05 21:10:41 - root - logging.py:14 - INFO      | --//-- PROGRAM STARTUP --//--
2024-05-05 21:10:51 - root - logging.py:14 - INFO      | --//-- PROGRAM STARTUP --//--
2024-05-05 21:19:27 - root - logging.py:14 - INFO      | --//-- PROGRAM STARTUP --//--
2024-05-05 21:21:15 - root - logging.py:14 - INFO      | --//-- PROGRAM STARTUP --//--
2024-05-05 21:22:00 - root - logging.py:14 - INFO      | --//-- PROGRAM STARTUP --//--
2024-05-05 21:22:44 - root - logging.py:14 - INFO      | --//-- PROGRAM STARTUP --//--
2024-05-05 21:27:31 - root - logging.py:14 - INFO      | --//-- PROGRAM STARTUP --//--
2024-05-05 21:28:07 - root - logging.py:14 - INFO      | --//-- PROGRAM STARTUP --//--
2024-05-05 21:29:18 - root - logging.py:14 - INFO      | --//-- PROGRAM STARTUP --//--
2024-05-05 21:29:25 - root - logging.py:14 - INFO      | --//-- PROGRAM STARTUP --//--
2024-05-05 21:34:16 - root - logging.py:14 - INFO      | --//-- PROGRAM STARTUP --//--
2024-05-05 21:47:35 - root - logging.py:14 - INFO      | --//-- PROGRAM STARTUP --//--
2024-05-05 21:50:51 - root - logging.py:14 - INFO      | --//-- PROGRAM STARTUP --//--
2024-05-05 21:51:58 - root - logging.py:14 - INFO      | --//-- PROGRAM STARTUP --//--
2024-05-06 17:38:59 - root - logging.py:14 - INFO      | --//-- PROGRAM STARTUP --//--
2024-05-06 17:39:55 - root - logging.py:14 - INFO      | --//-- PROGRAM STARTUP --//--
2024-05-06 17:40:18 - root - logging.py:14 - INFO      | --//-- PROGRAM STARTUP --//--
2024-05-06 17:40:52 - root - logging.py:14 - INFO      | --//-- PROGRAM STARTUP --//--
2024-05-06 17:59:03 - root - logging.py:14 - INFO      | --//-- PROGRAM STARTUP --//--
2024-05-06 17:59:27 - root - logging.py:14 - INFO      | --//-- PROGRAM STARTUP --//--
2024-05-06 18:00:59 - root - logging.py:14 - INFO      | --//-- PROGRAM STARTUP --//--
2024-05-06 18:04:12 - root - logging.py:14 - INFO      | --//-- PROGRAM STARTUP --//--
2024-05-06 18:12:03 - root - logging.py:14 - INFO      | --//-- PROGRAM STARTUP --//--
2024-05-06 18:15:34 - root - logging.py:14 - INFO      | --//-- PROGRAM STARTUP --//--
2024-05-06 18:16:07 - root - logging.py:14 - INFO      | --//-- PROGRAM STARTUP --//--
2024-05-06 18:16:24 - root - logging.py:14 - INFO      | --//-- PROGRAM STARTUP --//--
2024-05-06 18:18:39 - root - logging.py:14 - INFO      | --//-- PROGRAM STARTUP --//--
2024-05-06 18:23:18 - root - logging.py:14 - INFO      | --//-- PROGRAM STARTUP --//--
2024-05-06 18:23:37 - root - logging.py:14 - INFO      | --//-- PROGRAM STARTUP --//--
2024-05-06 18:23:53 - root - logging.py:14 - INFO      | --//-- PROGRAM STARTUP --//--
2024-05-06 18:29:02 - root - logging.py:14 - INFO      | --//-- PROGRAM STARTUP --//--
2024-05-06 18:31:45 - root - logging.py:14 - INFO      | --//-- PROGRAM STARTUP --//--
2024-05-06 18:32:57 - root - logging.py:14 - INFO      | --//-- PROGRAM STARTUP --//--
2024-05-06 18:41:04 - root - logging.py:14 - INFO      | --//-- PROGRAM STARTUP --//--
2024-05-07 17:26:06 - root - logging.py:14 - INFO      | --//-- PROGRAM STARTUP --//--
2024-05-07 17:42:03 - root - logging.py:14 - INFO      | --//-- PROGRAM STARTUP --//--
2024-05-07 17:52:56 - root - logging.py:14 - INFO      | --//-- PROGRAM STARTUP --//--
2024-05-07 17:53:12 - root - logging.py:14 - INFO      | --//-- PROGRAM STARTUP --//--
2024-05-07 19:54:25 - root - logging.py:14 - INFO      | --//-- PROGRAM STARTUP --//--
2024-05-07 20:02:39 - root - logging.py:14 - INFO      | --//-- PROGRAM STARTUP --//--
2024-05-07 20:02:55 - root - logging.py:14 - INFO      | --//-- PROGRAM STARTUP --//--
2024-05-07 20:04:44 - root - logging.py:14 - INFO      | --//-- PROGRAM STARTUP --//--
2024-05-07 20:06:31 - root - logging.py:14 - INFO      | --//-- PROGRAM STARTUP --//--
2024-05-07 20:06:49 - root - logging.py:14 - INFO      | --//-- PROGRAM STARTUP --//--
2024-05-07 20:07:15 - root - logging.py:14 - INFO      | --//-- PROGRAM STARTUP --//--
2024-05-07 20:07:34 - root - logging.py:14 - INFO      | --//-- PROGRAM STARTUP --//--
2024-05-07 20:08:16 - root - logging.py:14 - INFO      | --//-- PROGRAM STARTUP --//--
2024-05-07 20:09:21 - root - logging.py:14 - INFO      | --//-- PROGRAM STARTUP --//--
2024-05-07 20:09:57 - root - logging.py:14 - INFO      | --//-- PROGRAM STARTUP --//--
2024-05-07 20:10:09 - root - logging.py:14 - INFO      | --//-- PROGRAM STARTUP --//--
2024-05-07 20:10:30 - root - logging.py:14 - INFO      | --//-- PROGRAM STARTUP --//--
2024-05-07 20:10:42 - root - logging.py:14 - INFO      | --//-- PROGRAM STARTUP --//--
2024-05-07 20:10:51 - root - logging.py:14 - INFO      | --//-- PROGRAM STARTUP --//--
2024-05-07 20:16:24 - root - logging.py:14 - INFO      | --//-- PROGRAM STARTUP --//--
2024-05-07 20:16:42 - root - logging.py:14 - INFO      | --//-- PROGRAM STARTUP --//--
2024-05-07 20:17:15 - root - logging.py:14 - INFO      | --//-- PROGRAM STARTUP --//--
2024-05-07 20:24:26 - root - logging.py:14 - INFO      | --//-- PROGRAM STARTUP --//--
2024-05-07 20:28:23 - root - logging.py:14 - INFO      | --//-- PROGRAM STARTUP --//--
2024-05-07 20:28:32 - root - logging.py:14 - INFO      | --//-- PROGRAM STARTUP --//--
2024-05-09 18:45:15 - root - logging.py:14 - INFO      | --//-- PROGRAM STARTUP --//--
2024-05-09 18:47:00 - root - logging.py:14 - INFO      | --//-- PROGRAM STARTUP --//--
2024-05-09 18:47:11 - root - logging.py:14 - INFO      | --//-- PROGRAM STARTUP --//--
2024-05-09 18:47:33 - root - logging.py:14 - INFO      | --//-- PROGRAM STARTUP --//--
2024-05-09 18:47:44 - root - logging.py:14 - INFO      | --//-- PROGRAM STARTUP --//--
2024-05-09 18:59:57 - root - logging.py:14 - INFO      | --//-- PROGRAM STARTUP --//--
2024-05-09 19:00:14 - root - logging.py:14 - INFO      | --//-- PROGRAM STARTUP --//--
2024-05-09 19:00:27 - root - logging.py:14 - INFO      | --//-- PROGRAM STARTUP --//--
2024-05-09 19:01:20 - root - logging.py:14 - INFO      | --//-- PROGRAM STARTUP --//--
2024-05-09 19:03:38 - root - logging.py:14 - INFO      | --//-- PROGRAM STARTUP --//--
2024-05-09 19:04:28 - root - logging.py:14 - INFO      | --//-- PROGRAM STARTUP --//--
2024-05-09 19:06:55 - root - logging.py:14 - INFO      | --//-- PROGRAM STARTUP --//--
2024-05-09 19:07:19 - root - logging.py:14 - INFO      | --//-- PROGRAM STARTUP --//--
2024-05-09 19:07:33 - root - logging.py:14 - INFO      | --//-- PROGRAM STARTUP --//--
2024-05-09 19:07:56 - root - logging.py:14 - INFO      | --//-- PROGRAM STARTUP --//--
2024-05-09 19:08:16 - root - logging.py:14 - INFO      | --//-- PROGRAM STARTUP --//--
2024-05-09 19:08:26 - root - logging.py:14 - INFO      | --//-- PROGRAM STARTUP --//--
2024-05-09 19:10:49 - root - logging.py:14 - INFO      | --//-- PROGRAM STARTUP --//--
2024-05-09 19:11:18 - root - logging.py:14 - INFO      | --//-- PROGRAM STARTUP --//--
2024-05-09 19:11:37 - root - logging.py:14 - INFO      | --//-- PROGRAM STARTUP --//--
2024-05-09 19:12:12 - root - logging.py:14 - INFO      | --//-- PROGRAM STARTUP --//--
2024-05-09 19:12:23 - root - logging.py:14 - INFO      | --//-- PROGRAM STARTUP --//--
2024-05-09 19:12:49 - root - logging.py:14 - INFO      | --//-- PROGRAM STARTUP --//--
2024-05-09 19:13:03 - root - logging.py:14 - INFO      | --//-- PROGRAM STARTUP --//--
2024-05-09 19:13:22 - root - logging.py:14 - INFO      | --//-- PROGRAM STARTUP --//--
2024-05-09 19:13:46 - root - logging.py:14 - INFO      | --//-- PROGRAM STARTUP --//--
2024-05-09 19:13:58 - root - logging.py:14 - INFO      | --//-- PROGRAM STARTUP --//--
2024-05-09 19:14:08 - root - logging.py:14 - INFO      | --//-- PROGRAM STARTUP --//--
2024-05-09 19:15:53 - root - logging.py:14 - INFO      | --//-- PROGRAM STARTUP --//--
2024-05-11 20:56:58 - root - logging.py:14 - INFO      | --//-- PROGRAM STARTUP --//--
2024-05-11 21:07:20 - root - logging.py:14 - INFO      | --//-- PROGRAM STARTUP --//--
2024-05-11 21:07:46 - root - logging.py:14 - INFO      | --//-- PROGRAM STARTUP --//--
2024-05-11 21:10:49 - root - logging.py:14 - INFO      | --//-- PROGRAM STARTUP --//--
2024-05-11 21:17:09 - root - logging.py:14 - INFO      | --//-- PROGRAM STARTUP --//--
2024-05-11 21:19:17 - root - logging.py:14 - INFO      | --//-- PROGRAM STARTUP --//--
2024-05-11 21:45:32 - root - logging.py:14 - INFO      | --//-- PROGRAM STARTUP --//--
2024-05-11 21:47:55 - root - logging.py:14 - INFO      | --//-- PROGRAM STARTUP --//--
2024-05-11 21:48:22 - root - logging.py:14 - INFO      | --//-- PROGRAM STARTUP --//--
2024-05-11 21:49:04 - root - logging.py:14 - INFO      | --//-- PROGRAM STARTUP --//--
2024-05-11 21:52:09 - root - logging.py:14 - INFO      | --//-- PROGRAM STARTUP --//--
2024-05-11 21:52:22 - root - logging.py:14 - INFO      | --//-- PROGRAM STARTUP --//--
2024-05-11 21:54:15 - root - logging.py:14 - INFO      | --//-- PROGRAM STARTUP --//--
2024-05-12 13:29:03 - root - logging.py:14 - INFO      | --//-- PROGRAM STARTUP --//--
2024-05-12 13:51:27 - root - logging.py:14 - INFO      | --//-- PROGRAM STARTUP --//--
2024-05-12 13:51:45 - root - logging.py:14 - INFO      | --//-- PROGRAM STARTUP --//--
2024-05-12 13:54:19 - root - logging.py:14 - INFO      | --//-- PROGRAM STARTUP --//--
2024-05-12 13:55:02 - root - logging.py:14 - INFO      | --//-- PROGRAM STARTUP --//--
2024-05-12 13:55:25 - root - logging.py:14 - INFO      | --//-- PROGRAM STARTUP --//--
2024-05-12 13:56:16 - root - logging.py:14 - INFO      | --//-- PROGRAM STARTUP --//--
2024-05-12 13:56:27 - root - logging.py:14 - INFO      | --//-- PROGRAM STARTUP --//--
2024-05-12 14:06:21 - root - logging.py:14 - INFO      | --//-- PROGRAM STARTUP --//--
2024-05-12 14:07:33 - root - logging.py:14 - INFO      | --//-- PROGRAM STARTUP --//--
2024-05-12 14:09:34 - root - logging.py:14 - INFO      | --//-- PROGRAM STARTUP --//--
2024-05-12 14:10:11 - root - logging.py:14 - INFO      | --//-- PROGRAM STARTUP --//--
2024-05-12 14:11:11 - root - logging.py:14 - INFO      | --//-- PROGRAM STARTUP --//--
2024-05-12 14:11:25 - root - logging.py:14 - INFO      | --//-- PROGRAM STARTUP --//--
2024-05-12 14:12:01 - root - logging.py:14 - INFO      | --//-- PROGRAM STARTUP --//--
2024-05-12 20:05:29 - root - logging.py:14 - INFO      | --//-- PROGRAM STARTUP --//--
2024-05-12 20:06:24 - root - logging.py:14 - INFO      | --//-- PROGRAM STARTUP --//--
2024-05-12 20:08:35 - root - logging.py:14 - INFO      | --//-- PROGRAM STARTUP --//--
2024-05-12 20:09:18 - root - logging.py:14 - INFO      | --//-- PROGRAM STARTUP --//--
2024-05-12 20:15:41 - root - logging.py:14 - INFO      | --//-- PROGRAM STARTUP --//--
2024-05-12 20:15:52 - root - logging.py:14 - INFO      | --//-- PROGRAM STARTUP --//--
2024-05-12 20:53:50 - root - logging.py:14 - INFO      | --//-- PROGRAM STARTUP --//--
2024-05-12 20:54:16 - root - logging.py:14 - INFO      | --//-- PROGRAM STARTUP --//--
2024-05-12 20:54:40 - root - logging.py:14 - INFO      | --//-- PROGRAM STARTUP --//--
2024-05-12 20:54:49 - root - logging.py:14 - INFO      | --//-- PROGRAM STARTUP --//--
2024-05-12 20:55:18 - root - logging.py:14 - INFO      | --//-- PROGRAM STARTUP --//--
2024-05-12 20:55:45 - root - logging.py:14 - INFO      | --//-- PROGRAM STARTUP --//--
2024-05-12 21:00:09 - root - logging.py:14 - INFO      | --//-- PROGRAM STARTUP --//--
2024-05-12 21:00:22 - root - logging.py:14 - INFO      | --//-- PROGRAM STARTUP --//--
2024-05-12 21:01:35 - root - logging.py:14 - INFO      | --//-- PROGRAM STARTUP --//--
2024-05-12 21:01:58 - root - logging.py:14 - INFO      | --//-- PROGRAM STARTUP --//--
2024-05-12 21:02:25 - root - logging.py:14 - INFO      | --//-- PROGRAM STARTUP --//--
2024-05-12 21:03:23 - root - logging.py:14 - INFO      | --//-- PROGRAM STARTUP --//--
2024-05-12 21:03:35 - root - logging.py:14 - INFO      | --//-- PROGRAM STARTUP --//--
2024-05-12 21:04:05 - root - logging.py:14 - INFO      | --//-- PROGRAM STARTUP --//--
2024-05-12 21:04:44 - root - logging.py:14 - INFO      | --//-- PROGRAM STARTUP --//--
2024-05-12 21:07:39 - root - logging.py:14 - INFO      | --//-- PROGRAM STARTUP --//--
2024-05-12 21:07:55 - root - logging.py:14 - INFO      | --//-- PROGRAM STARTUP --//--
2024-05-12 21:08:16 - root - logging.py:14 - INFO      | --//-- PROGRAM STARTUP --//--
2024-05-12 21:09:11 - root - logging.py:14 - INFO      | --//-- PROGRAM STARTUP --//--
2024-05-12 21:09:41 - root - logging.py:14 - INFO      | --//-- PROGRAM STARTUP --//--
2024-05-12 21:09:55 - root - logging.py:14 - INFO      | --//-- PROGRAM STARTUP --//--
2024-05-12 21:10:09 - root - logging.py:14 - INFO      | --//-- PROGRAM STARTUP --//--
2024-05-12 21:10:22 - root - logging.py:14 - INFO      | --//-- PROGRAM STARTUP --//--
2024-05-12 21:10:45 - root - logging.py:14 - INFO      | --//-- PROGRAM STARTUP --//--
2024-05-13 17:08:32 - root - logging.py:14 - INFO      | --//-- PROGRAM STARTUP --//--
2024-05-13 17:18:31 - root - logging.py:14 - INFO      | --//-- PROGRAM STARTUP --//--
2024-05-13 17:29:42 - root - logging.py:14 - INFO      | --//-- PROGRAM STARTUP --//--
2024-05-13 17:31:42 - root - logging.py:14 - INFO      | --//-- PROGRAM STARTUP --//--
2024-05-13 17:35:12 - root - logging.py:14 - INFO      | --//-- PROGRAM STARTUP --//--
2024-05-13 17:35:59 - root - logging.py:14 - INFO      | --//-- PROGRAM STARTUP --//--
2024-05-13 17:36:07 - root - logging.py:14 - INFO      | --//-- PROGRAM STARTUP --//--
2024-05-15 17:52:39 - root - logging.py:14 - INFO      | --//-- PROGRAM STARTUP --//--
2024-05-15 21:55:47 - root - logging.py:14 - INFO      | --//-- PROGRAM STARTUP --//--
2024-05-15 21:59:31 - root - logging.py:14 - INFO      | --//-- PROGRAM STARTUP --//--
<<<<<<< Updated upstream
2024-05-15 22:07:02 - root - logging.py:14 - INFO      | --//-- PROGRAM STARTUP --//--
2024-05-15 22:07:19 - root - logging.py:14 - INFO      | --//-- PROGRAM STARTUP --//--
2024-05-15 22:13:50 - root - logging.py:14 - INFO      | --//-- PROGRAM STARTUP --//--
2024-05-15 22:15:12 - root - logging.py:14 - INFO      | --//-- PROGRAM STARTUP --//--
2024-05-15 22:15:47 - root - logging.py:14 - INFO      | --//-- PROGRAM STARTUP --//--
2024-05-15 22:21:12 - root - logging.py:14 - INFO      | --//-- PROGRAM STARTUP --//--
2024-05-15 22:24:55 - root - logging.py:14 - INFO      | --//-- PROGRAM STARTUP --//--
2024-05-15 22:28:01 - root - logging.py:14 - INFO      | --//-- PROGRAM STARTUP --//--
2024-05-15 22:29:36 - root - logging.py:14 - INFO      | --//-- PROGRAM STARTUP --//--
2024-05-15 22:30:54 - root - logging.py:14 - INFO      | --//-- PROGRAM STARTUP --//--
2024-05-15 22:32:06 - root - logging.py:14 - INFO      | --//-- PROGRAM STARTUP --//--
2024-05-15 22:32:57 - root - logging.py:14 - INFO      | --//-- PROGRAM STARTUP --//--
2024-05-15 22:34:27 - root - logging.py:14 - INFO      | --//-- PROGRAM STARTUP --//--
2024-05-15 22:35:07 - root - logging.py:14 - INFO      | --//-- PROGRAM STARTUP --//--
2024-05-15 22:36:49 - root - logging.py:14 - INFO      | --//-- PROGRAM STARTUP --//--
2024-05-15 22:38:48 - root - logging.py:14 - INFO      | --//-- PROGRAM STARTUP --//--
2024-05-15 22:39:22 - root - logging.py:14 - INFO      | --//-- PROGRAM STARTUP --//--
2024-05-15 22:40:20 - root - logging.py:14 - INFO      | --//-- PROGRAM STARTUP --//--
2024-05-15 22:40:46 - root - logging.py:14 - INFO      | --//-- PROGRAM STARTUP --//--
2024-05-15 22:41:54 - root - logging.py:14 - INFO      | --//-- PROGRAM STARTUP --//--
2024-05-15 22:42:06 - root - logging.py:14 - INFO      | --//-- PROGRAM STARTUP --//--
2024-05-15 22:42:24 - root - logging.py:14 - INFO      | --//-- PROGRAM STARTUP --//--
2024-05-15 22:47:33 - root - logging.py:14 - INFO      | --//-- PROGRAM STARTUP --//--
2024-05-15 22:49:18 - root - logging.py:14 - INFO      | --//-- PROGRAM STARTUP --//--
2024-05-15 23:01:16 - root - logging.py:14 - INFO      | --//-- PROGRAM STARTUP --//--
2024-05-15 23:14:49 - root - logging.py:14 - INFO      | --//-- PROGRAM STARTUP --//--
2024-05-15 23:15:04 - root - logging.py:14 - INFO      | --//-- PROGRAM STARTUP --//--
2024-05-15 23:15:42 - root - logging.py:14 - INFO      | --//-- PROGRAM STARTUP --//--
2024-05-15 23:17:00 - root - logging.py:14 - INFO      | --//-- PROGRAM STARTUP --//--
2024-05-15 23:17:21 - root - logging.py:14 - INFO      | --//-- PROGRAM STARTUP --//--
2024-05-15 23:17:59 - root - logging.py:14 - INFO      | --//-- PROGRAM STARTUP --//--
2024-05-15 23:19:27 - root - logging.py:14 - INFO      | --//-- PROGRAM STARTUP --//--
2024-05-15 23:20:29 - root - logging.py:14 - INFO      | --//-- PROGRAM STARTUP --//--
2024-05-15 23:21:11 - root - logging.py:14 - INFO      | --//-- PROGRAM STARTUP --//--
2024-05-15 23:21:55 - root - logging.py:14 - INFO      | --//-- PROGRAM STARTUP --//--
2024-05-15 23:23:02 - root - logging.py:14 - INFO      | --//-- PROGRAM STARTUP --//--
2024-05-15 23:25:49 - root - logging.py:14 - INFO      | --//-- PROGRAM STARTUP --//--
2024-05-15 23:27:20 - root - logging.py:14 - INFO      | --//-- PROGRAM STARTUP --//--
=======
2024-05-15 22:01:22 - root - logging.py:14 - INFO      | --//-- PROGRAM STARTUP --//--
2024-05-15 22:04:01 - root - logging.py:14 - INFO      | --//-- PROGRAM STARTUP --//--
2024-05-15 22:05:11 - root - logging.py:14 - INFO      | --//-- PROGRAM STARTUP --//--
2024-05-15 22:08:37 - root - logging.py:14 - INFO      | --//-- PROGRAM STARTUP --//--
2024-05-15 22:10:01 - root - logging.py:14 - INFO      | --//-- PROGRAM STARTUP --//--
2024-05-15 22:12:30 - root - logging.py:14 - INFO      | --//-- PROGRAM STARTUP --//--
2024-05-15 22:12:53 - root - logging.py:14 - INFO      | --//-- PROGRAM STARTUP --//--
2024-05-16 18:46:09 - root - logging.py:14 - INFO      | --//-- PROGRAM STARTUP --//--
2024-05-16 18:48:40 - root - logging.py:14 - INFO      | --//-- PROGRAM STARTUP --//--
2024-05-16 18:48:58 - root - logging.py:14 - INFO      | --//-- PROGRAM STARTUP --//--
2024-05-16 18:49:05 - root - logging.py:14 - INFO      | --//-- PROGRAM STARTUP --//--
2024-05-16 18:49:15 - root - logging.py:14 - INFO      | --//-- PROGRAM STARTUP --//--
2024-05-16 18:50:14 - root - logging.py:14 - INFO      | --//-- PROGRAM STARTUP --//--
2024-05-16 18:50:54 - root - logging.py:14 - INFO      | --//-- PROGRAM STARTUP --//--
2024-05-16 18:51:05 - root - logging.py:14 - INFO      | --//-- PROGRAM STARTUP --//--
2024-05-16 18:51:35 - root - logging.py:14 - INFO      | --//-- PROGRAM STARTUP --//--
2024-05-16 18:51:46 - root - logging.py:14 - INFO      | --//-- PROGRAM STARTUP --//--
2024-05-16 18:52:19 - root - logging.py:14 - INFO      | --//-- PROGRAM STARTUP --//--
2024-05-16 18:52:29 - root - logging.py:14 - INFO      | --//-- PROGRAM STARTUP --//--
2024-05-16 18:52:48 - root - logging.py:14 - INFO      | --//-- PROGRAM STARTUP --//--
2024-05-16 18:54:18 - root - logging.py:14 - INFO      | --//-- PROGRAM STARTUP --//--
2024-05-16 18:56:05 - root - logging.py:14 - INFO      | --//-- PROGRAM STARTUP --//--
2024-05-16 18:57:44 - root - logging.py:14 - INFO      | --//-- PROGRAM STARTUP --//--
2024-05-16 18:58:17 - root - logging.py:14 - INFO      | --//-- PROGRAM STARTUP --//--
2024-05-16 18:58:58 - root - logging.py:14 - INFO      | --//-- PROGRAM STARTUP --//--
2024-05-16 19:11:42 - root - logging.py:14 - INFO      | --//-- PROGRAM STARTUP --//--
2024-05-16 19:12:01 - root - logging.py:14 - INFO      | --//-- PROGRAM STARTUP --//--
2024-05-16 19:12:09 - root - logging.py:14 - INFO      | --//-- PROGRAM STARTUP --//--
2024-05-16 19:12:24 - root - logging.py:14 - INFO      | --//-- PROGRAM STARTUP --//--
2024-05-16 19:12:58 - root - logging.py:14 - INFO      | --//-- PROGRAM STARTUP --//--
2024-05-16 19:14:21 - root - logging.py:14 - INFO      | --//-- PROGRAM STARTUP --//--
2024-05-16 19:15:33 - root - logging.py:14 - INFO      | --//-- PROGRAM STARTUP --//--
2024-05-16 19:16:44 - root - logging.py:14 - INFO      | --//-- PROGRAM STARTUP --//--
2024-05-16 19:50:15 - root - logging.py:14 - INFO      | --//-- PROGRAM STARTUP --//--
>>>>>>> Stashed changes
2024-05-16 20:20:44 - root - logging.py:14 - INFO      | --//-- PROGRAM STARTUP --//--
2024-05-16 20:21:33 - root - logging.py:14 - INFO      | --//-- PROGRAM STARTUP --//--
2024-05-16 20:21:48 - root - logging.py:14 - INFO      | --//-- PROGRAM STARTUP --//--
2024-05-16 20:22:08 - root - logging.py:14 - INFO      | --//-- PROGRAM STARTUP --//--
2024-05-16 20:22:22 - root - logging.py:14 - INFO      | --//-- PROGRAM STARTUP --//--
2024-05-16 20:22:48 - root - logging.py:14 - INFO      | --//-- PROGRAM STARTUP --//--
2024-05-16 20:23:27 - root - logging.py:14 - INFO      | --//-- PROGRAM STARTUP --//--
